20:28:07.621 [JavaFX Application Thread] DEBUG GameApplication      - Logger initialized
20:28:07.630 [JavaFX Application Thread] DEBUG MainWindow           - Creating a JavaFX scene
20:28:07.769 [JavaFX Application Thread] DEBUG MainWindow           - Target settings size: 1230.0 x 487.0
20:28:07.770 [JavaFX Application Thread] DEBUG MainWindow           - Scaled scene size:    1230.0 x 487.0
20:28:07.770 [JavaFX Application Thread] DEBUG MainWindow           - Scaled ratio: (1.0, 1.0)
20:28:08.005 [JavaFX Application Thread] DEBUG GameApplication      - Starting FXGL
20:28:08.167 [FXGL Launcher Thread     ] INFO  Version              - FXGL-0.4.2
20:28:08.168 [FXGL Launcher Thread     ] INFO  Version              - Source code and latest versions at: https://github.com/AlmasB/FXGL
20:28:08.168 [FXGL Launcher Thread     ] INFO  Version              -              Join the FXGL chat at: https://gitter.im/AlmasB/FXGL
20:28:08.169 [FXGL Launcher Thread     ] DEBUG FXGL                 - Loading FXGL system data
20:28:08.177 [FXGL Launcher Thread     ] DEBUG IOTask               - Executing task: readDataTask(system/fxgl.bundle)
20:28:08.200 [FXGL Launcher Thread     ] DEBUG FS                   - Reading from: system/fxgl.bundle
20:28:08.225 [FXGL Launcher Thread     ] DEBUG IOTask               - Task succeeded: readDataTask(system/fxgl.bundle)
20:28:08.228 [FXGL Launcher Thread     ] DEBUG Bundle               - Logging bundle: FXGL
20:28:08.230 [FXGL Launcher Thread     ] DEBUG Bundle               - FXGL.offline.timer.version.check=2018-02-09T12:39:56.470
20:28:08.242 [FXGL Launcher Thread     ] DEBUG GameApplication      - FXGL started
20:28:08.243 [FXGL Launcher Thread     ] DEBUG GameApplication      - Logging game settings
Title: Legends Arise Alpha
Version: 0.5.3
Width: 1230
Height: 487
Fullscreen: true
Intro: false
Menus: false
Profiling: false
Single step:false
App Mode: DEVELOPER
Menu Key: ESCAPE
Stage Style: DECORATED
Scene Factory: class com.almasb.fxgl.scene.SceneFactory
Dialog Factory: class com.almasb.fxgl.ui.FXGLDialogFactory
UI Factory: class com.almasb.fxgl.ui.FXGLUIFactory
Notification Service: class com.almasb.fxgl.gameplay.notification.XboxNotificationView
Exception Handler: class com.almasb.fxgl.app.FXGLExceptionHandler
20:28:08.246 [FXGL Launcher Thread     ] DEBUG GameApplication      - Configuring GameApplication
20:28:08.248 [FXGL Launcher Thread     ] DEBUG GameApplication      - Initializing state machine and application states
20:28:08.264 [FXGL Launcher Thread     ] DEBUG AssetLoader          - Loading from disk: /assets/ui/cursors/fxgl_default.png
20:28:08.357 [FXGL Launcher Thread     ] DEBUG AssetLoader          - Loading from disk: /assets/ui/cursors/fxgl_default.png
20:28:08.367 [FXGL Launcher Thread     ] DEBUG AssetLoader          - Loading from disk: /assets/ui/cursors/fxgl_default.png
20:28:08.434 [FXGL Launcher Thread     ] DEBUG AssetLoader          - Loading from disk: /assets/sounds/core/notification.wav
20:28:08.501 [FXGL Launcher Thread     ] DEBUG AssetLoader          - Loading from disk: /assets/sounds/menu/select.wav
20:28:08.507 [FXGL Launcher Thread     ] DEBUG AssetLoader          - Loading from disk: /assets/sounds/menu/back.wav
20:28:08.509 [FXGL Launcher Thread     ] DEBUG AssetLoader          - Loading from disk: /assets/sounds/menu/press.wav
20:28:08.523 [FXGL Launcher Thread     ] DEBUG AssetLoader          - Loading from disk: /assets/ui/fonts/VarelaRound-Regular.ttf
20:28:08.617 [FXGL Launcher Thread     ] DEBUG AssetLoader          - Loading from disk: /assets/ui/fonts/lucida_console.ttf
20:28:08.644 [FXGL Launcher Thread     ] DEBUG AssetLoader          - Loading from disk: /assets/ui/css/fxgl_dark.css
20:28:08.645 [FXGL Launcher Thread     ] DEBUG AssetLoader          - Loading from disk: /assets/ui/icons/fxgl_icon.png
20:28:08.695 [FXGL Launcher Thread     ] DEBUG AssetLoader          - Loading from disk: /assets/ui/cursors/fxgl_default.png
20:28:08.741 [FXGL Launcher Thread     ] DEBUG FXGL.GameScene       - Game scene initialized: 1230x487
20:28:08.746 [FXGL Launcher Thread     ] DEBUG FXGL.GameWorld       - Game world initialized
20:28:08.856 [FXGL Launcher Thread     ] DEBUG FXGL.PhysicsWorld    - Physics world initialized: appHeight=487, physics.ppm=50.0
20:28:08.895 [FXGL Launcher Thread     ] DEBUG Input                - Registered new binding: Pause - Esc
20:28:08.966 [FXGL Launcher Thread     ] INFO  GameApplication      - Game configuration took:  0.718 sec
20:28:08.973 [JavaFX Application Thread] DEBUG MainWindow           - Opening main window
20:28:09.032 [JavaFX Application Thread] DEBUG MainWindow           - Window border size: (0.0, 0.0)
20:28:09.033 [JavaFX Application Thread] DEBUG MainWindow           - Scaled size: 1230.0 x 487.0
20:28:09.033 [JavaFX Application Thread] DEBUG MainWindow           - Scaled ratio: (1.0, 1.0)
20:28:09.035 [JavaFX Application Thread] DEBUG MainWindow           - Scene size: 1230.0 x 487.0
20:28:09.036 [JavaFX Application Thread] DEBUG MainWindow           - Stage size: 1230.0 x 487.0
20:28:09.037 [JavaFX Application Thread] DEBUG GameApplication      - Running preInit()
20:28:09.043 [JavaFX Application Thread] DEBUG AnnotationParser     - Main app package name: captain.the
20:28:09.168 [JavaFX Application Thread] DEBUG AnnotationParser     - @SetAchievementStore: []
20:28:09.169 [JavaFX Application Thread] DEBUG Input                - Registered new binding: Screenshot - P
20:28:09.173 [JavaFX Application Thread] DEBUG Input                - Registered new binding: Dev Options - CTRL+0
20:28:09.174 [JavaFX Application Thread] DEBUG Input                - Registered new binding: Restart - CTRL+R
20:28:09.174 [JavaFX Application Thread] DEBUG Input                - Registered new binding: Move Right - D
20:28:09.175 [JavaFX Application Thread] DEBUG Input                - Registered new binding: Move Left - A
20:28:09.175 [JavaFX Application Thread] DEBUG Input                - Registered new binding: Move Up - W
20:28:09.175 [JavaFX Application Thread] DEBUG Input                - Registered new binding: Move Down - S
20:28:09.177 [JavaFX Application Thread] DEBUG Input                - Registered new binding: QAbility - Q
20:28:09.178 [JavaFX Application Thread] DEBUG Input                - Registered new binding: AutoAttack - LMB
20:28:09.180 [JavaFX Application Thread] DEBUG AssetLoader          - Loading from disk: /assets/music/fireAuraBackgroundMusic.mp3
20:28:09.256 [JavaFX Application Thread] DEBUG AudioPlayer          - Playing music Music [balance=0.0, volume=1.0, rate=1.0, cycleCount=1]
20:28:09.306 [JavaFX Application Thread] DEBUG GameApplication      - Starting main loop
20:28:09.316 [JavaFX Application Thread] DEBUG StartupState         - STARTUP
20:28:09.317 [JavaFX Application Thread] DEBUG GameApplication      - Starting new game
20:28:09.317 [JavaFX Application Thread] DEBUG Input                - Clearing active input actions
20:28:09.356 [JavaFX Application Thread] DEBUG AppStateMachine      - StartupState -> LoadingState
20:28:09.357 [JavaFX Application Thread] DEBUG AnnotationParser     - Main app package name: captain.the
20:28:09.358 [JavaFX Application Thread] DEBUG InitAppTask          - Parsing annotations
20:28:09.384 [JavaFX Application Thread] DEBUG AnnotationParser     - @AddCollisionHandler: []
20:28:09.384 [JavaFX Application Thread] DEBUG AnnotationParser     - @SetEventHandler: []
20:28:09.384 [JavaFX Application Thread] DEBUG AnnotationParser     - @SetEntityFactory: [Factory]
20:28:09.390 [FXGL Background Thread 1 ] DEBUG InitAppTask          - Clearing previous game
20:28:09.390 [FXGL Background Thread 1 ] DEBUG FXGL.GameWorld       - Clearing game world
20:28:09.390 [FXGL Background Thread 1 ] DEBUG FXGL.PhysicsWorld    - Clearing physics world
20:28:09.390 [FXGL Background Thread 1 ] DEBUG FXGL.GameScene       - Clearing game scene
20:28:09.392 [FXGL Background Thread 1 ] DEBUG InitAppTask          - Initializing Assets
20:28:09.393 [FXGL Background Thread 1 ] DEBUG InitAppTask          - Initializing Game
20:28:09.450 [FXGL Background Thread 1 ] DEBUG AssetLoader          - Loading from disk: /assets/textures/HPMANAHP.png
20:28:09.472 [FXGL Background Thread 1 ] DEBUG FXGL.GameScene       - Creating render group for layer: TOP(2147483647)
20:28:09.490 [FXGL Background Thread 1 ] DEBUG AssetLoader          - Loading from disk: /assets/textures/8bitcircle.png
20:28:09.492 [FXGL Background Thread 1 ] DEBUG InitAppTask          - Initializing Physics
20:28:09.493 [FXGL Background Thread 1 ] DEBUG InitAppTask          - Initializing UI
20:28:09.496 [FXGL Background Thread 1 ] DEBUG InitAppTask          - Initialization Complete
20:28:09.496 [FXGL Background Thread 1 ] INFO  InitAppTask          - Game initialization took: 0.106 sec
20:28:09.501 [JavaFX Application Thread] DEBUG Input                - Clearing active input actions
20:28:09.513 [JavaFX Application Thread] DEBUG AppStateMachine      - LoadingState -> PlayState
20:28:20.187 [JavaFX Application Thread] DEBUG AssetLoader          - Loading from disk: /assets/textures/pixelExplosion.gif
20:28:20.210 [JavaFX Application Thread] DEBUG AssetLoader          - Loading from disk: /assets/sounds/Explosion6.mp3
20:28:22.393 [JavaFX Application Thread] DEBUG AssetLoader          - Loading from cache: /assets/textures/pixelExplosion.gif
20:28:22.394 [JavaFX Application Thread] DEBUG AssetLoader          - Loading from cache: /assets/sounds/Explosion6.mp3
20:28:24.319 [JavaFX Application Thread] DEBUG AssetLoader          - Loading from cache: /assets/textures/pixelExplosion.gif
20:28:24.320 [JavaFX Application Thread] DEBUG AssetLoader          - Loading from cache: /assets/sounds/Explosion6.mp3
20:28:26.403 [JavaFX Application Thread] DEBUG AssetLoader          - Loading from cache: /assets/textures/pixelExplosion.gif
20:28:26.404 [JavaFX Application Thread] DEBUG AssetLoader          - Loading from cache: /assets/sounds/Explosion6.mp3
20:28:28.273 [JavaFX Application Thread] DEBUG AssetLoader          - Loading from cache: /assets/textures/pixelExplosion.gif
20:28:28.275 [JavaFX Application Thread] DEBUG AssetLoader          - Loading from cache: /assets/sounds/Explosion6.mp3
20:28:28.287 [JavaFX Application Thread] DEBUG AssetLoader          - Loading from disk: /assets/properties/languages/english.properties
20:28:28.288 [JavaFX Application Thread] DEBUG AssetLoader          - Loading from cache: /assets/properties/languages/english.properties
20:28:28.293 [JavaFX Application Thread] DEBUG AppStateMachine      - Push state: DialogSubState
20:28:28.293 [JavaFX Application Thread] DEBUG Input                - Clearing active input actions
20:28:28.293 [JavaFX Application Thread] DEBUG AppStateMachine      - PlayState -> DialogSubState
20:28:33.307 [JavaFX Application Thread] DEBUG AppStateMachine      - Pop state: DialogSubState
20:28:33.308 [JavaFX Application Thread] DEBUG Input                - Clearing active input actions
20:28:33.308 [JavaFX Application Thread] DEBUG AppStateMachine      - PlayState <- DialogSubState
20:28:33.308 [JavaFX Application Thread] DEBUG GameApplication      - Exiting game application
20:28:33.310 [JavaFX Application Thread] DEBUG GameApplication      - Shutting down background threads
20:28:33.310 [JavaFX Application Thread] DEBUG GameApplication      - Exiting FXGL
20:28:33.311 [JavaFX Application Thread] DEBUG FXGL                 - Saving FXGL system data
20:28:33.313 [JavaFX Application Thread] DEBUG IOTask               - Executing task: writeDataTask(system/fxgl.bundle)
20:28:33.314 [JavaFX Application Thread] DEBUG FS                   - Writing to: system/fxgl.bundle
20:28:33.319 [JavaFX Application Thread] DEBUG IOTask               - Task succeeded: writeDataTask(system/fxgl.bundle)
20:28:33.320 [JavaFX Application Thread] DEBUG GameApplication      - Closing logger and exiting JavaFX
