20:26:44.776 [JavaFX Application Thread] DEBUG GameApplication      - Logger initialized
20:26:44.785 [JavaFX Application Thread] DEBUG MainWindow           - Creating a JavaFX scene
20:26:44.941 [JavaFX Application Thread] DEBUG MainWindow           - Target settings size: 1230.0 x 487.0
20:26:44.941 [JavaFX Application Thread] DEBUG MainWindow           - Scaled scene size:    1230.0 x 487.0
20:26:44.941 [JavaFX Application Thread] DEBUG MainWindow           - Scaled ratio: (1.0, 1.0)
20:26:45.141 [JavaFX Application Thread] DEBUG GameApplication      - Starting FXGL
20:26:45.248 [FXGL Launcher Thread     ] INFO  Version              - FXGL-0.4.2
20:26:45.248 [FXGL Launcher Thread     ] INFO  Version              - Source code and latest versions at: https://github.com/AlmasB/FXGL
20:26:45.249 [FXGL Launcher Thread     ] INFO  Version              -              Join the FXGL chat at: https://gitter.im/AlmasB/FXGL
20:26:45.250 [FXGL Launcher Thread     ] DEBUG FXGL                 - Loading FXGL system data
20:26:45.263 [FXGL Launcher Thread     ] DEBUG IOTask               - Executing task: readDataTask(system/fxgl.bundle)
20:26:45.281 [FXGL Launcher Thread     ] DEBUG FS                   - Reading from: system/fxgl.bundle
20:26:45.308 [FXGL Launcher Thread     ] DEBUG IOTask               - Task succeeded: readDataTask(system/fxgl.bundle)
20:26:45.309 [FXGL Launcher Thread     ] DEBUG Bundle               - Logging bundle: FXGL
20:26:45.310 [FXGL Launcher Thread     ] DEBUG Bundle               - FXGL.offline.timer.version.check=2018-02-09T12:39:56.470
20:26:45.393 [FXGL Launcher Thread     ] DEBUG GameApplication      - FXGL started
20:26:45.394 [FXGL Launcher Thread     ] DEBUG GameApplication      - Logging game settings
Title: Legends Arise Alpha
Version: 0.5.3
Width: 1230
Height: 487
Fullscreen: true
Intro: false
Menus: false
Profiling: false
Single step:false
App Mode: DEVELOPER
Menu Key: ESCAPE
Stage Style: DECORATED
Scene Factory: class com.almasb.fxgl.scene.SceneFactory
Dialog Factory: class com.almasb.fxgl.ui.FXGLDialogFactory
UI Factory: class com.almasb.fxgl.ui.FXGLUIFactory
Notification Service: class com.almasb.fxgl.gameplay.notification.XboxNotificationView
Exception Handler: class com.almasb.fxgl.app.FXGLExceptionHandler
20:26:45.395 [FXGL Launcher Thread     ] DEBUG GameApplication      - Configuring GameApplication
20:26:45.396 [FXGL Launcher Thread     ] DEBUG GameApplication      - Initializing state machine and application states
20:26:45.428 [FXGL Launcher Thread     ] DEBUG AssetLoader          - Loading from disk: /assets/ui/cursors/fxgl_default.png
20:26:45.608 [FXGL Launcher Thread     ] DEBUG AssetLoader          - Loading from disk: /assets/ui/cursors/fxgl_default.png
20:26:45.614 [FXGL Launcher Thread     ] DEBUG AssetLoader          - Loading from disk: /assets/ui/cursors/fxgl_default.png
20:26:45.672 [FXGL Launcher Thread     ] DEBUG AssetLoader          - Loading from disk: /assets/sounds/core/notification.wav
20:26:45.758 [FXGL Launcher Thread     ] DEBUG AssetLoader          - Loading from disk: /assets/sounds/menu/select.wav
20:26:45.761 [FXGL Launcher Thread     ] DEBUG AssetLoader          - Loading from disk: /assets/sounds/menu/back.wav
20:26:45.763 [FXGL Launcher Thread     ] DEBUG AssetLoader          - Loading from disk: /assets/sounds/menu/press.wav
20:26:45.767 [FXGL Launcher Thread     ] DEBUG AssetLoader          - Loading from disk: /assets/ui/fonts/VarelaRound-Regular.ttf
20:26:45.808 [FXGL Launcher Thread     ] DEBUG AssetLoader          - Loading from disk: /assets/ui/fonts/lucida_console.ttf
20:26:45.814 [FXGL Launcher Thread     ] DEBUG AssetLoader          - Loading from disk: /assets/ui/css/fxgl_dark.css
20:26:45.814 [FXGL Launcher Thread     ] DEBUG AssetLoader          - Loading from disk: /assets/ui/icons/fxgl_icon.png
20:26:45.864 [FXGL Launcher Thread     ] DEBUG AssetLoader          - Loading from disk: /assets/ui/cursors/fxgl_default.png
20:26:45.906 [FXGL Launcher Thread     ] DEBUG FXGL.GameScene       - Game scene initialized: 1230x487
20:26:45.919 [FXGL Launcher Thread     ] DEBUG FXGL.GameWorld       - Game world initialized
20:26:46.023 [FXGL Launcher Thread     ] DEBUG FXGL.PhysicsWorld    - Physics world initialized: appHeight=487, physics.ppm=50.0
20:26:46.088 [FXGL Launcher Thread     ] DEBUG Input                - Registered new binding: Pause - Esc
20:26:46.167 [FXGL Launcher Thread     ] INFO  GameApplication      - Game configuration took:  0.771 sec
20:26:46.172 [JavaFX Application Thread] DEBUG MainWindow           - Opening main window
20:26:46.231 [JavaFX Application Thread] DEBUG MainWindow           - Window border size: (0.0, 0.0)
20:26:46.232 [JavaFX Application Thread] DEBUG MainWindow           - Scaled size: 1230.0 x 487.0
20:26:46.232 [JavaFX Application Thread] DEBUG MainWindow           - Scaled ratio: (1.0, 1.0)
20:26:46.234 [JavaFX Application Thread] DEBUG MainWindow           - Scene size: 1230.0 x 487.0
20:26:46.236 [JavaFX Application Thread] DEBUG MainWindow           - Stage size: 1230.0 x 487.0
20:26:46.236 [JavaFX Application Thread] DEBUG GameApplication      - Running preInit()
20:26:46.240 [JavaFX Application Thread] DEBUG AnnotationParser     - Main app package name: captain.the
20:26:46.344 [JavaFX Application Thread] DEBUG AnnotationParser     - @SetAchievementStore: []
20:26:46.346 [JavaFX Application Thread] DEBUG Input                - Registered new binding: Screenshot - P
20:26:46.350 [JavaFX Application Thread] DEBUG Input                - Registered new binding: Dev Options - CTRL+0
20:26:46.351 [JavaFX Application Thread] DEBUG Input                - Registered new binding: Restart - CTRL+R
20:26:46.351 [JavaFX Application Thread] DEBUG Input                - Registered new binding: Move Right - D
20:26:46.352 [JavaFX Application Thread] DEBUG Input                - Registered new binding: Move Left - A
20:26:46.352 [JavaFX Application Thread] DEBUG Input                - Registered new binding: Move Up - W
20:26:46.352 [JavaFX Application Thread] DEBUG Input                - Registered new binding: Move Down - S
20:26:46.354 [JavaFX Application Thread] DEBUG Input                - Registered new binding: QAbility - Q
20:26:46.356 [JavaFX Application Thread] DEBUG Input                - Registered new binding: AutoAttack - LMB
20:26:46.361 [JavaFX Application Thread] DEBUG AssetLoader          - Loading from disk: /assets/music/fireAuraBackgroundMusic.mp3
20:26:46.436 [JavaFX Application Thread] DEBUG AudioPlayer          - Playing music Music [balance=0.0, volume=1.0, rate=1.0, cycleCount=1]
20:26:46.482 [JavaFX Application Thread] DEBUG GameApplication      - Starting main loop
20:26:46.495 [JavaFX Application Thread] DEBUG StartupState         - STARTUP
20:26:46.495 [JavaFX Application Thread] DEBUG GameApplication      - Starting new game
20:26:46.495 [JavaFX Application Thread] DEBUG Input                - Clearing active input actions
20:26:46.533 [JavaFX Application Thread] DEBUG AppStateMachine      - StartupState -> LoadingState
20:26:46.534 [JavaFX Application Thread] DEBUG AnnotationParser     - Main app package name: captain.the
20:26:46.534 [JavaFX Application Thread] DEBUG InitAppTask          - Parsing annotations
20:26:46.584 [JavaFX Application Thread] DEBUG AnnotationParser     - @SetEventHandler: []
20:26:46.584 [JavaFX Application Thread] DEBUG AnnotationParser     - @SetEntityFactory: [Factory]
20:26:46.585 [JavaFX Application Thread] DEBUG AnnotationParser     - @AddCollisionHandler: []
20:26:46.590 [FXGL Background Thread 1 ] DEBUG InitAppTask          - Clearing previous game
20:26:46.590 [FXGL Background Thread 1 ] DEBUG FXGL.GameWorld       - Clearing game world
20:26:46.591 [FXGL Background Thread 1 ] DEBUG FXGL.PhysicsWorld    - Clearing physics world
20:26:46.591 [FXGL Background Thread 1 ] DEBUG FXGL.GameScene       - Clearing game scene
20:26:46.592 [FXGL Background Thread 1 ] DEBUG InitAppTask          - Initializing Assets
20:26:46.593 [FXGL Background Thread 1 ] DEBUG InitAppTask          - Initializing Game
20:26:46.634 [FXGL Background Thread 1 ] DEBUG AssetLoader          - Loading from disk: /assets/textures/HPMANAHP.png
20:26:46.653 [FXGL Background Thread 1 ] DEBUG FXGL.GameScene       - Creating render group for layer: TOP(2147483647)
20:26:46.675 [FXGL Background Thread 1 ] DEBUG AssetLoader          - Loading from disk: /assets/textures/8bitcircle.png
20:26:46.678 [FXGL Background Thread 1 ] DEBUG InitAppTask          - Initializing Physics
20:26:46.679 [FXGL Background Thread 1 ] DEBUG InitAppTask          - Initializing UI
20:26:46.682 [FXGL Background Thread 1 ] DEBUG InitAppTask          - Initialization Complete
20:26:46.682 [FXGL Background Thread 1 ] INFO  InitAppTask          - Game initialization took: 0.092 sec
20:26:46.707 [JavaFX Application Thread] DEBUG Input                - Clearing active input actions
20:26:46.718 [JavaFX Application Thread] DEBUG AppStateMachine      - LoadingState -> PlayState
20:26:49.015 [JavaFX Application Thread] DEBUG AssetLoader          - Loading from disk: /assets/sounds/Beep4.mp3
20:26:50.661 [JavaFX Application Thread] DEBUG AssetLoader          - Loading from cache: /assets/sounds/Beep4.mp3
20:26:51.334 [JavaFX Application Thread] DEBUG AssetLoader          - Loading from cache: /assets/sounds/Beep4.mp3
20:26:51.709 [JavaFX Application Thread] DEBUG AssetLoader          - Loading from cache: /assets/sounds/Beep4.mp3
20:26:52.030 [JavaFX Application Thread] DEBUG AssetLoader          - Loading from cache: /assets/sounds/Beep4.mp3
20:26:52.366 [JavaFX Application Thread] DEBUG AssetLoader          - Loading from cache: /assets/sounds/Beep4.mp3
20:26:52.708 [JavaFX Application Thread] DEBUG AssetLoader          - Loading from cache: /assets/sounds/Beep4.mp3
20:26:52.797 [JavaFX Application Thread] DEBUG AssetLoader          - Loading from disk: /assets/sounds/Beep2.mp3
20:26:52.884 [JavaFX Application Thread] DEBUG AssetLoader          - Loading from cache: /assets/sounds/Beep4.mp3
20:26:53.798 [JavaFX Application Thread] DEBUG AssetLoader          - Loading from cache: /assets/sounds/Beep4.mp3
20:26:54.797 [JavaFX Application Thread] DEBUG AssetLoader          - Loading from cache: /assets/sounds/Beep4.mp3
20:26:55.148 [JavaFX Application Thread] DEBUG AssetLoader          - Loading from cache: /assets/sounds/Beep4.mp3
20:26:55.461 [JavaFX Application Thread] DEBUG AssetLoader          - Loading from cache: /assets/sounds/Beep4.mp3
20:26:55.740 [JavaFX Application Thread] DEBUG AssetLoader          - Loading from cache: /assets/sounds/Beep4.mp3
20:26:56.060 [JavaFX Application Thread] DEBUG AssetLoader          - Loading from cache: /assets/sounds/Beep4.mp3
20:26:56.243 [JavaFX Application Thread] DEBUG AssetLoader          - Loading from cache: /assets/sounds/Beep2.mp3
20:26:56.372 [JavaFX Application Thread] DEBUG AssetLoader          - Loading from cache: /assets/sounds/Beep4.mp3
20:26:57.229 [JavaFX Application Thread] DEBUG AssetLoader          - Loading from cache: /assets/sounds/Beep4.mp3
20:26:57.708 [JavaFX Application Thread] DEBUG AssetLoader          - Loading from cache: /assets/sounds/Beep4.mp3
20:26:58.540 [JavaFX Application Thread] DEBUG AssetLoader          - Loading from cache: /assets/sounds/Beep4.mp3
20:26:58.740 [JavaFX Application Thread] DEBUG AssetLoader          - Loading from cache: /assets/sounds/Beep4.mp3
20:26:58.964 [JavaFX Application Thread] DEBUG AssetLoader          - Loading from cache: /assets/sounds/Beep4.mp3
20:26:59.149 [JavaFX Application Thread] DEBUG AssetLoader          - Loading from cache: /assets/sounds/Beep4.mp3
20:26:59.243 [JavaFX Application Thread] DEBUG AssetLoader          - Loading from cache: /assets/sounds/Beep2.mp3
20:26:59.365 [JavaFX Application Thread] DEBUG AssetLoader          - Loading from cache: /assets/sounds/Beep4.mp3
20:27:00.108 [JavaFX Application Thread] DEBUG AssetLoader          - Loading from cache: /assets/sounds/Beep4.mp3
20:27:00.668 [JavaFX Application Thread] DEBUG AssetLoader          - Loading from cache: /assets/sounds/Beep4.mp3
20:27:01.052 [JavaFX Application Thread] DEBUG AssetLoader          - Loading from cache: /assets/sounds/Beep4.mp3
20:27:01.373 [JavaFX Application Thread] DEBUG AssetLoader          - Loading from cache: /assets/sounds/Beep4.mp3
20:27:01.724 [JavaFX Application Thread] DEBUG AssetLoader          - Loading from cache: /assets/sounds/Beep4.mp3
20:27:02.076 [JavaFX Application Thread] DEBUG AssetLoader          - Loading from cache: /assets/sounds/Beep4.mp3
20:27:02.436 [JavaFX Application Thread] DEBUG AssetLoader          - Loading from cache: /assets/sounds/Beep4.mp3
20:27:02.594 [JavaFX Application Thread] DEBUG AssetLoader          - Loading from cache: /assets/sounds/Beep2.mp3
20:27:02.613 [JavaFX Application Thread] DEBUG AssetLoader          - Loading from cache: /assets/sounds/Beep4.mp3
20:27:03.748 [JavaFX Application Thread] DEBUG AssetLoader          - Loading from cache: /assets/sounds/Beep4.mp3
20:27:04.316 [JavaFX Application Thread] DEBUG AssetLoader          - Loading from cache: /assets/sounds/Beep4.mp3
20:27:04.524 [JavaFX Application Thread] DEBUG AssetLoader          - Loading from cache: /assets/sounds/Beep4.mp3
20:27:04.860 [JavaFX Application Thread] DEBUG AssetLoader          - Loading from cache: /assets/sounds/Beep4.mp3
20:27:05.036 [JavaFX Application Thread] DEBUG AssetLoader          - Loading from cache: /assets/sounds/Beep4.mp3
20:27:05.204 [JavaFX Application Thread] DEBUG AssetLoader          - Loading from cache: /assets/sounds/Beep4.mp3
20:27:05.326 [JavaFX Application Thread] DEBUG AssetLoader          - Loading from cache: /assets/sounds/Beep2.mp3
20:27:05.380 [JavaFX Application Thread] DEBUG AssetLoader          - Loading from cache: /assets/sounds/Beep4.mp3
20:27:06.351 [JavaFX Application Thread] DEBUG AssetLoader          - Loading from disk: /assets/sounds/Laser_Shoot1.mp3
20:27:06.353 [JavaFX Application Thread] DEBUG AssetLoader          - Loading from disk: /assets/textures/qAbility.gif
20:27:06.530 [JavaFX Application Thread] DEBUG AssetLoader          - Loading from cache: /assets/sounds/Beep2.mp3
20:27:07.261 [JavaFX Application Thread] DEBUG AssetLoader          - Loading from cache: /assets/sounds/Beep4.mp3
20:27:07.876 [JavaFX Application Thread] DEBUG AssetLoader          - Loading from cache: /assets/sounds/Beep4.mp3
20:27:08.364 [JavaFX Application Thread] DEBUG AssetLoader          - Loading from cache: /assets/sounds/Beep4.mp3
20:27:09.124 [JavaFX Application Thread] DEBUG AssetLoader          - Loading from cache: /assets/sounds/Beep4.mp3
20:27:09.557 [JavaFX Application Thread] DEBUG AssetLoader          - Loading from disk: /assets/textures/pixelExplosion.gif
20:27:09.567 [JavaFX Application Thread] DEBUG AssetLoader          - Loading from disk: /assets/sounds/Explosion6.mp3
20:27:09.908 [JavaFX Application Thread] DEBUG AssetLoader          - Loading from cache: /assets/sounds/Beep4.mp3
20:27:10.564 [JavaFX Application Thread] DEBUG AssetLoader          - Loading from cache: /assets/sounds/Beep4.mp3
20:27:11.252 [JavaFX Application Thread] DEBUG AssetLoader          - Loading from cache: /assets/sounds/Beep4.mp3
20:27:11.352 [JavaFX Application Thread] DEBUG AssetLoader          - Loading from cache: /assets/textures/pixelExplosion.gif
20:27:11.353 [JavaFX Application Thread] DEBUG AssetLoader          - Loading from cache: /assets/sounds/Explosion6.mp3
20:27:12.020 [JavaFX Application Thread] DEBUG AssetLoader          - Loading from cache: /assets/sounds/Beep4.mp3
20:27:12.986 [JavaFX Application Thread] DEBUG AssetLoader          - Loading from cache: /assets/textures/pixelExplosion.gif
20:27:12.987 [JavaFX Application Thread] DEBUG AssetLoader          - Loading from cache: /assets/sounds/Explosion6.mp3
20:27:13.132 [JavaFX Application Thread] DEBUG AssetLoader          - Loading from cache: /assets/sounds/Beep4.mp3
20:27:13.500 [JavaFX Application Thread] DEBUG AssetLoader          - Loading from cache: /assets/sounds/Beep4.mp3
20:27:13.877 [JavaFX Application Thread] DEBUG AssetLoader          - Loading from cache: /assets/sounds/Beep4.mp3
20:27:14.493 [JavaFX Application Thread] DEBUG AssetLoader          - Loading from cache: /assets/sounds/Beep4.mp3
20:27:14.572 [JavaFX Application Thread] DEBUG AssetLoader          - Loading from cache: /assets/textures/pixelExplosion.gif
20:27:14.572 [JavaFX Application Thread] DEBUG AssetLoader          - Loading from cache: /assets/sounds/Explosion6.mp3
20:27:14.900 [JavaFX Application Thread] DEBUG AssetLoader          - Loading from cache: /assets/sounds/Beep4.mp3
20:27:15.276 [JavaFX Application Thread] DEBUG AssetLoader          - Loading from cache: /assets/sounds/Beep4.mp3
20:27:15.535 [JavaFX Application Thread] DEBUG AssetLoader          - Loading from cache: /assets/sounds/Beep2.mp3
20:27:15.628 [JavaFX Application Thread] DEBUG AssetLoader          - Loading from cache: /assets/sounds/Beep4.mp3
20:27:16.164 [JavaFX Application Thread] DEBUG AssetLoader          - Loading from cache: /assets/sounds/Beep4.mp3
20:27:16.764 [JavaFX Application Thread] DEBUG AssetLoader          - Loading from cache: /assets/sounds/Beep4.mp3
20:27:16.948 [JavaFX Application Thread] DEBUG AssetLoader          - Loading from cache: /assets/sounds/Beep4.mp3
20:27:17.516 [JavaFX Application Thread] DEBUG AssetLoader          - Loading from cache: /assets/sounds/Beep4.mp3
20:27:17.883 [JavaFX Application Thread] DEBUG AssetLoader          - Loading from cache: /assets/textures/pixelExplosion.gif
20:27:17.884 [JavaFX Application Thread] DEBUG AssetLoader          - Loading from cache: /assets/sounds/Explosion6.mp3
20:27:17.899 [JavaFX Application Thread] DEBUG AssetLoader          - Loading from disk: /assets/properties/languages/english.properties
20:27:17.901 [JavaFX Application Thread] DEBUG AssetLoader          - Loading from cache: /assets/properties/languages/english.properties
20:27:17.906 [JavaFX Application Thread] DEBUG AppStateMachine      - Push state: DialogSubState
20:27:17.906 [JavaFX Application Thread] DEBUG Input                - Clearing active input actions
20:27:17.906 [JavaFX Application Thread] DEBUG AppStateMachine      - PlayState -> DialogSubState
20:27:19.204 [JavaFX Application Thread] DEBUG AppStateMachine      - Pop state: DialogSubState
20:27:19.204 [JavaFX Application Thread] DEBUG Input                - Clearing active input actions
20:27:19.206 [JavaFX Application Thread] DEBUG AppStateMachine      - PlayState <- DialogSubState
20:27:19.206 [JavaFX Application Thread] DEBUG GameApplication      - Exiting game application
20:27:19.209 [JavaFX Application Thread] DEBUG GameApplication      - Shutting down background threads
20:27:19.210 [JavaFX Application Thread] DEBUG GameApplication      - Exiting FXGL
20:27:19.210 [JavaFX Application Thread] DEBUG FXGL                 - Saving FXGL system data
20:27:19.212 [JavaFX Application Thread] DEBUG IOTask               - Executing task: writeDataTask(system/fxgl.bundle)
20:27:19.214 [JavaFX Application Thread] DEBUG FS                   - Writing to: system/fxgl.bundle
20:27:19.218 [JavaFX Application Thread] DEBUG IOTask               - Task succeeded: writeDataTask(system/fxgl.bundle)
20:27:19.218 [JavaFX Application Thread] DEBUG GameApplication      - Closing logger and exiting JavaFX
