16:01:24.215 [JavaFX Application Thread] DEBUG GameApplication      - Logger initialized
16:01:24.228 [JavaFX Application Thread] DEBUG MainWindow           - Creating a JavaFX scene
16:01:24.385 [JavaFX Application Thread] DEBUG MainWindow           - Target settings size: 1230.0 x 487.0
16:01:24.385 [JavaFX Application Thread] DEBUG MainWindow           - Scaled scene size:    1230.0 x 487.0
16:01:24.386 [JavaFX Application Thread] DEBUG MainWindow           - Scaled ratio: (1.0, 1.0)
16:01:24.589 [JavaFX Application Thread] DEBUG GameApplication      - Starting FXGL
16:01:24.742 [FXGL Launcher Thread     ] INFO  Version              - FXGL-0.4.2
16:01:24.743 [FXGL Launcher Thread     ] INFO  Version              - Source code and latest versions at: https://github.com/AlmasB/FXGL
16:01:24.743 [FXGL Launcher Thread     ] INFO  Version              -              Join the FXGL chat at: https://gitter.im/AlmasB/FXGL
16:01:24.752 [FXGL Launcher Thread     ] DEBUG FXGL                 - Loading FXGL system data
16:01:24.760 [FXGL Launcher Thread     ] DEBUG IOTask               - Executing task: readDataTask(system/fxgl.bundle)
16:01:24.772 [FXGL Launcher Thread     ] DEBUG FS                   - Reading from: system/fxgl.bundle
16:01:24.792 [FXGL Launcher Thread     ] DEBUG IOTask               - Task succeeded: readDataTask(system/fxgl.bundle)
16:01:24.795 [FXGL Launcher Thread     ] DEBUG Bundle               - Logging bundle: FXGL
16:01:24.799 [FXGL Launcher Thread     ] DEBUG Bundle               - FXGL.offline.timer.version.check=2018-02-16T15:50:30.693
16:01:24.876 [FXGL Launcher Thread     ] DEBUG GameApplication      - FXGL started
16:01:24.876 [FXGL Launcher Thread     ] DEBUG GameApplication      - Logging game settings
Title: Legends Arise Alpha
Version: 0.5.4
Width: 1230
Height: 487
Fullscreen: false
Intro: false
Menus: false
Profiling: false
Single step:false
App Mode: DEVELOPER
Menu Key: ESCAPE
Stage Style: DECORATED
Scene Factory: class com.almasb.fxgl.scene.SceneFactory
Dialog Factory: class com.almasb.fxgl.ui.FXGLDialogFactory
UI Factory: class com.almasb.fxgl.ui.FXGLUIFactory
Notification Service: class com.almasb.fxgl.gameplay.notification.XboxNotificationView
Exception Handler: class com.almasb.fxgl.app.FXGLExceptionHandler
16:01:24.878 [FXGL Launcher Thread     ] DEBUG GameApplication      - Configuring GameApplication
16:01:24.878 [FXGL Launcher Thread     ] DEBUG GameApplication      - Initializing state machine and application states
16:01:24.899 [FXGL Launcher Thread     ] DEBUG AssetLoader          - Loading from disk: /assets/ui/cursors/fxgl_default.png
16:01:25.033 [FXGL Launcher Thread     ] DEBUG AssetLoader          - Loading from disk: /assets/ui/cursors/fxgl_default.png
16:01:25.055 [FXGL Launcher Thread     ] DEBUG AssetLoader          - Loading from disk: /assets/ui/cursors/fxgl_default.png
16:01:25.117 [FXGL Launcher Thread     ] DEBUG AssetLoader          - Loading from disk: /assets/sounds/core/notification.wav
16:01:25.149 [FXGL Launcher Thread     ] DEBUG AssetLoader          - Loading from disk: /assets/sounds/menu/select.wav
16:01:25.151 [FXGL Launcher Thread     ] DEBUG AssetLoader          - Loading from disk: /assets/sounds/menu/back.wav
16:01:25.164 [FXGL Launcher Thread     ] DEBUG AssetLoader          - Loading from disk: /assets/sounds/menu/press.wav
16:01:25.167 [FXGL Launcher Thread     ] DEBUG AssetLoader          - Loading from disk: /assets/ui/fonts/VarelaRound-Regular.ttf
16:01:25.216 [FXGL Launcher Thread     ] DEBUG AssetLoader          - Loading from disk: /assets/ui/fonts/lucida_console.ttf
16:01:25.226 [FXGL Launcher Thread     ] DEBUG AssetLoader          - Loading from disk: /assets/ui/css/fxgl_dark.css
16:01:25.226 [FXGL Launcher Thread     ] DEBUG AssetLoader          - Loading from disk: /assets/ui/icons/fxgl_icon.png
16:01:25.313 [FXGL Launcher Thread     ] DEBUG AssetLoader          - Loading from disk: /assets/ui/cursors/fxgl_default.png
16:01:25.392 [FXGL Launcher Thread     ] DEBUG FXGL.GameScene       - Game scene initialized: 1230x487
16:01:25.401 [FXGL Launcher Thread     ] DEBUG FXGL.GameWorld       - Game world initialized
16:01:25.533 [FXGL Launcher Thread     ] DEBUG FXGL.PhysicsWorld    - Physics world initialized: appHeight=487, physics.ppm=50.0
16:01:25.571 [FXGL Launcher Thread     ] DEBUG Input                - Registered new binding: Pause - Esc
16:01:25.609 [FXGL Launcher Thread     ] INFO  GameApplication      - Game configuration took:  0.731 sec
16:01:25.613 [JavaFX Application Thread] DEBUG MainWindow           - Opening main window
16:01:25.657 [JavaFX Application Thread] DEBUG MainWindow           - Window border size: (0.0, 0.0)
16:01:25.657 [JavaFX Application Thread] DEBUG MainWindow           - Scaled size: 1230.0 x 487.0
16:01:25.657 [JavaFX Application Thread] DEBUG MainWindow           - Scaled ratio: (1.0, 1.0)
16:01:25.658 [JavaFX Application Thread] DEBUG MainWindow           - Scene size: 1230.0 x 487.0
16:01:25.658 [JavaFX Application Thread] DEBUG MainWindow           - Stage size: 1230.0 x 487.0
16:01:25.658 [JavaFX Application Thread] DEBUG GameApplication      - Running preInit()
16:01:25.662 [JavaFX Application Thread] DEBUG AnnotationParser     - Main app package name: captain.the
16:01:25.748 [JavaFX Application Thread] DEBUG AnnotationParser     - @SetAchievementStore: []
16:01:25.749 [JavaFX Application Thread] DEBUG Input                - Registered new binding: Screenshot - P
16:01:25.753 [JavaFX Application Thread] DEBUG Input                - Registered new binding: Dev Options - CTRL+0
16:01:25.753 [JavaFX Application Thread] DEBUG Input                - Registered new binding: Restart - CTRL+R
16:01:25.754 [JavaFX Application Thread] DEBUG Input                - Registered new binding: Move Right - D
16:01:25.754 [JavaFX Application Thread] DEBUG Input                - Registered new binding: Move Left - A
16:01:25.754 [JavaFX Application Thread] DEBUG Input                - Registered new binding: Move Up - W
16:01:25.754 [JavaFX Application Thread] DEBUG Input                - Registered new binding: Move Down - S
16:01:25.756 [JavaFX Application Thread] DEBUG Input                - Registered new binding: QAbility - Q
16:01:25.757 [JavaFX Application Thread] DEBUG Input                - Registered new binding: AutoAttack - LMB
16:01:25.761 [JavaFX Application Thread] DEBUG AssetLoader          - Loading from disk: /assets/music/fireAuraBackgroundMusic.mp3
16:01:25.855 [JavaFX Application Thread] DEBUG AudioPlayer          - Playing music Music [balance=0.0, volume=1.0, rate=1.0, cycleCount=1]
16:01:25.896 [JavaFX Application Thread] DEBUG GameApplication      - Starting main loop
16:01:25.907 [JavaFX Application Thread] DEBUG StartupState         - STARTUP
16:01:25.908 [JavaFX Application Thread] DEBUG GameApplication      - Starting new game
16:01:25.908 [JavaFX Application Thread] DEBUG Input                - Clearing active input actions
16:01:25.950 [JavaFX Application Thread] DEBUG AppStateMachine      - StartupState -> LoadingState
16:01:25.951 [JavaFX Application Thread] DEBUG AnnotationParser     - Main app package name: captain.the
16:01:25.951 [JavaFX Application Thread] DEBUG InitAppTask          - Parsing annotations
16:01:26.019 [JavaFX Application Thread] DEBUG AnnotationParser     - @AddCollisionHandler: []
16:01:26.020 [JavaFX Application Thread] DEBUG AnnotationParser     - @SetEntityFactory: [Factory]
16:01:26.020 [JavaFX Application Thread] DEBUG AnnotationParser     - @SetEventHandler: []
16:01:26.027 [FXGL Background Thread 1 ] DEBUG InitAppTask          - Clearing previous game
16:01:26.027 [FXGL Background Thread 1 ] DEBUG FXGL.GameWorld       - Clearing game world
16:01:26.028 [FXGL Background Thread 1 ] DEBUG FXGL.PhysicsWorld    - Clearing physics world
16:01:26.028 [FXGL Background Thread 1 ] DEBUG FXGL.GameScene       - Clearing game scene
16:01:26.029 [FXGL Background Thread 1 ] DEBUG InitAppTask          - Initializing Assets
16:01:26.030 [FXGL Background Thread 1 ] DEBUG InitAppTask          - Initializing Game
16:01:26.082 [FXGL Background Thread 1 ] DEBUG AssetLoader          - Loading from disk: /assets/textures/HPMANAHP.png
16:01:26.092 [FXGL Background Thread 1 ] DEBUG FXGL.GameScene       - Creating render group for layer: TOP(2147483647)
16:01:26.104 [FXGL Background Thread 1 ] DEBUG AssetLoader          - Loading from disk: /assets/textures/8bitcircle.png
16:01:26.106 [FXGL Background Thread 1 ] DEBUG InitAppTask          - Initializing Physics
16:01:26.107 [FXGL Background Thread 1 ] DEBUG InitAppTask          - Initializing UI
16:01:26.110 [FXGL Background Thread 1 ] DEBUG InitAppTask          - Initialization Complete
16:01:26.110 [FXGL Background Thread 1 ] INFO  InitAppTask          - Game initialization took: 0.083 sec
16:01:26.132 [JavaFX Application Thread] DEBUG Input                - Clearing active input actions
16:01:26.148 [JavaFX Application Thread] DEBUG AppStateMachine      - LoadingState -> PlayState
16:01:27.559 [JavaFX Application Thread] DEBUG AssetLoader          - Loading from disk: /assets/sounds/Beep4.mp3
16:01:29.479 [JavaFX Application Thread] DEBUG AssetLoader          - Loading from cache: /assets/sounds/Beep4.mp3
16:01:31.125 [JavaFX Application Thread] DEBUG AssetLoader          - Loading from cache: /assets/sounds/Beep4.mp3
16:01:31.621 [JavaFX Application Thread] DEBUG AssetLoader          - Loading from cache: /assets/sounds/Beep4.mp3
16:01:32.229 [JavaFX Application Thread] DEBUG AssetLoader          - Loading from cache: /assets/sounds/Beep4.mp3
16:01:32.845 [JavaFX Application Thread] DEBUG AssetLoader          - Loading from cache: /assets/sounds/Beep4.mp3
16:01:33.182 [JavaFX Application Thread] DEBUG AssetLoader          - Loading from cache: /assets/sounds/Beep4.mp3
16:01:33.498 [JavaFX Application Thread] DEBUG AssetLoader          - Loading from cache: /assets/sounds/Beep4.mp3
16:01:33.693 [JavaFX Application Thread] DEBUG AssetLoader          - Loading from disk: /assets/sounds/Beep2.mp3
16:01:33.781 [JavaFX Application Thread] DEBUG AssetLoader          - Loading from cache: /assets/sounds/Beep4.mp3
16:01:34.989 [JavaFX Application Thread] DEBUG AssetLoader          - Loading from cache: /assets/sounds/Beep4.mp3
16:01:35.509 [JavaFX Application Thread] DEBUG AssetLoader          - Loading from cache: /assets/sounds/Beep4.mp3
16:01:36.046 [JavaFX Application Thread] DEBUG AssetLoader          - Loading from cache: /assets/sounds/Beep4.mp3
16:01:36.253 [JavaFX Application Thread] DEBUG AssetLoader          - Loading from cache: /assets/sounds/Beep4.mp3
16:01:36.421 [JavaFX Application Thread] DEBUG AssetLoader          - Loading from cache: /assets/sounds/Beep4.mp3
16:01:36.581 [JavaFX Application Thread] DEBUG AssetLoader          - Loading from cache: /assets/sounds/Beep4.mp3
16:01:36.713 [JavaFX Application Thread] DEBUG AssetLoader          - Loading from cache: /assets/sounds/Beep2.mp3
16:01:36.725 [JavaFX Application Thread] DEBUG AssetLoader          - Loading from cache: /assets/sounds/Beep4.mp3
16:01:37.669 [JavaFX Application Thread] DEBUG AssetLoader          - Loading from cache: /assets/sounds/Beep4.mp3
16:01:38.021 [JavaFX Application Thread] DEBUG AssetLoader          - Loading from cache: /assets/sounds/Beep4.mp3
16:01:38.333 [JavaFX Application Thread] DEBUG AssetLoader          - Loading from cache: /assets/sounds/Beep4.mp3
16:01:38.629 [JavaFX Application Thread] DEBUG AssetLoader          - Loading from cache: /assets/sounds/Beep4.mp3
16:01:38.893 [JavaFX Application Thread] DEBUG AssetLoader          - Loading from cache: /assets/sounds/Beep4.mp3
16:01:39.397 [JavaFX Application Thread] DEBUG AssetLoader          - Loading from cache: /assets/sounds/Beep4.mp3
16:01:39.488 [JavaFX Application Thread] DEBUG AssetLoader          - Loading from cache: /assets/sounds/Beep2.mp3
16:01:40.549 [JavaFX Application Thread] DEBUG AssetLoader          - Loading from cache: /assets/sounds/Beep4.mp3
16:01:40.717 [JavaFX Application Thread] DEBUG AssetLoader          - Loading from cache: /assets/sounds/Beep4.mp3
16:01:40.885 [JavaFX Application Thread] DEBUG AssetLoader          - Loading from cache: /assets/sounds/Beep4.mp3
16:01:41.070 [JavaFX Application Thread] DEBUG AssetLoader          - Loading from cache: /assets/sounds/Beep4.mp3
16:01:41.237 [JavaFX Application Thread] DEBUG AssetLoader          - Loading from cache: /assets/sounds/Beep4.mp3
16:01:41.347 [JavaFX Application Thread] DEBUG AssetLoader          - Loading from cache: /assets/sounds/Beep2.mp3
16:01:41.381 [JavaFX Application Thread] DEBUG AssetLoader          - Loading from cache: /assets/sounds/Beep4.mp3
16:01:42.533 [JavaFX Application Thread] DEBUG AssetLoader          - Loading from cache: /assets/sounds/Beep4.mp3
16:01:42.869 [JavaFX Application Thread] DEBUG AssetLoader          - Loading from cache: /assets/sounds/Beep4.mp3
16:01:43.046 [JavaFX Application Thread] DEBUG AssetLoader          - Loading from cache: /assets/sounds/Beep4.mp3
16:01:43.214 [JavaFX Application Thread] DEBUG AssetLoader          - Loading from cache: /assets/sounds/Beep4.mp3
16:01:43.533 [JavaFX Application Thread] DEBUG AssetLoader          - Loading from cache: /assets/sounds/Beep4.mp3
16:01:43.677 [JavaFX Application Thread] DEBUG AssetLoader          - Loading from cache: /assets/sounds/Beep4.mp3
16:01:44.574 [JavaFX Application Thread] DEBUG AssetLoader          - Loading from cache: /assets/sounds/Beep4.mp3
16:01:44.680 [JavaFX Application Thread] DEBUG AssetLoader          - Loading from cache: /assets/sounds/Beep2.mp3
16:01:44.744 [JavaFX Application Thread] DEBUG AssetLoader          - Loading from cache: /assets/sounds/Beep4.mp3
16:01:45.941 [JavaFX Application Thread] DEBUG AssetLoader          - Loading from cache: /assets/sounds/Beep4.mp3
16:01:46.445 [JavaFX Application Thread] DEBUG AssetLoader          - Loading from cache: /assets/sounds/Beep4.mp3
16:01:46.773 [JavaFX Application Thread] DEBUG AssetLoader          - Loading from cache: /assets/sounds/Beep4.mp3
16:01:46.925 [JavaFX Application Thread] DEBUG AssetLoader          - Loading from cache: /assets/sounds/Beep4.mp3
16:01:47.228 [JavaFX Application Thread] DEBUG AssetLoader          - Loading from cache: /assets/sounds/Beep4.mp3
16:01:47.525 [JavaFX Application Thread] DEBUG AssetLoader          - Loading from cache: /assets/sounds/Beep4.mp3
16:01:47.699 [JavaFX Application Thread] DEBUG AssetLoader          - Loading from cache: /assets/sounds/Beep2.mp3
16:01:47.829 [JavaFX Application Thread] DEBUG AssetLoader          - Loading from cache: /assets/sounds/Beep4.mp3
16:01:48.222 [JavaFX Application Thread] DEBUG AssetLoader          - Loading from cache: /assets/sounds/Beep4.mp3
16:01:48.682 [JavaFX Application Thread] DEBUG AssetLoader          - Loading from disk: /assets/sounds/Laser_Shoot1.mp3
16:01:48.685 [JavaFX Application Thread] DEBUG AssetLoader          - Loading from disk: /assets/textures/qAbility.gif
16:01:48.851 [JavaFX Application Thread] DEBUG AssetLoader          - Loading from cache: /assets/sounds/Beep2.mp3
16:01:49.285 [JavaFX Application Thread] DEBUG AssetLoader          - Loading from cache: /assets/sounds/Beep4.mp3
16:01:49.978 [JavaFX Application Thread] DEBUG AssetLoader          - Loading from cache: /assets/sounds/Beep2.mp3
16:01:50.102 [JavaFX Application Thread] DEBUG AssetLoader          - Loading from cache: /assets/sounds/Beep4.mp3
16:01:50.597 [JavaFX Application Thread] DEBUG AssetLoader          - Loading from cache: /assets/sounds/Beep4.mp3
16:01:50.925 [JavaFX Application Thread] DEBUG AssetLoader          - Loading from cache: /assets/sounds/Beep4.mp3
16:01:51.085 [JavaFX Application Thread] DEBUG AssetLoader          - Loading from cache: /assets/sounds/Beep4.mp3
16:01:51.237 [JavaFX Application Thread] DEBUG AssetLoader          - Loading from cache: /assets/sounds/Beep4.mp3
16:01:51.351 [JavaFX Application Thread] DEBUG AssetLoader          - Loading from cache: /assets/sounds/Beep2.mp3
16:01:51.390 [JavaFX Application Thread] DEBUG AssetLoader          - Loading from cache: /assets/sounds/Beep4.mp3
16:01:53.168 [JavaFX Application Thread] DEBUG AssetLoader          - Loading from cache: /assets/sounds/Beep4.mp3
16:01:53.509 [JavaFX Application Thread] DEBUG AssetLoader          - Loading from cache: /assets/sounds/Beep4.mp3
16:01:53.669 [JavaFX Application Thread] DEBUG AssetLoader          - Loading from cache: /assets/sounds/Beep4.mp3
16:01:53.828 [JavaFX Application Thread] DEBUG AssetLoader          - Loading from cache: /assets/sounds/Beep4.mp3
16:01:54.134 [JavaFX Application Thread] DEBUG AssetLoader          - Loading from cache: /assets/sounds/Beep4.mp3
16:01:54.277 [JavaFX Application Thread] DEBUG AssetLoader          - Loading from cache: /assets/sounds/Beep4.mp3
16:01:54.463 [JavaFX Application Thread] DEBUG AssetLoader          - Loading from cache: /assets/sounds/Beep2.mp3
16:01:55.277 [JavaFX Application Thread] DEBUG AssetLoader          - Loading from cache: /assets/sounds/Beep4.mp3
16:01:55.797 [JavaFX Application Thread] DEBUG AssetLoader          - Loading from cache: /assets/sounds/Beep4.mp3
16:01:56.157 [JavaFX Application Thread] DEBUG AssetLoader          - Loading from cache: /assets/sounds/Beep4.mp3
16:01:56.341 [JavaFX Application Thread] DEBUG AssetLoader          - Loading from cache: /assets/sounds/Beep4.mp3
16:01:56.493 [JavaFX Application Thread] DEBUG AssetLoader          - Loading from cache: /assets/sounds/Beep4.mp3
16:01:56.653 [JavaFX Application Thread] DEBUG AssetLoader          - Loading from cache: /assets/sounds/Beep4.mp3
16:01:56.805 [JavaFX Application Thread] DEBUG AssetLoader          - Loading from cache: /assets/sounds/Beep4.mp3
16:01:57.260 [JavaFX Application Thread] DEBUG AssetLoader          - Loading from disk: /assets/textures/pixelExplosion.gif
16:01:57.276 [JavaFX Application Thread] DEBUG AssetLoader          - Loading from disk: /assets/sounds/Explosion6.mp3
16:01:57.745 [JavaFX Application Thread] DEBUG AssetLoader          - Loading from disk: /assets/properties/languages/english.properties
16:01:57.746 [JavaFX Application Thread] DEBUG AssetLoader          - Loading from cache: /assets/properties/languages/english.properties
16:01:57.750 [JavaFX Application Thread] DEBUG AppStateMachine      - Push state: DialogSubState
16:01:57.750 [JavaFX Application Thread] DEBUG Input                - Clearing active input actions
16:01:57.750 [JavaFX Application Thread] DEBUG AppStateMachine      - PlayState -> DialogSubState
16:02:03.294 [JavaFX Application Thread] DEBUG AppStateMachine      - Pop state: DialogSubState
16:02:03.294 [JavaFX Application Thread] DEBUG Input                - Clearing active input actions
16:02:03.296 [JavaFX Application Thread] DEBUG AppStateMachine      - PlayState <- DialogSubState
16:02:03.297 [JavaFX Application Thread] DEBUG GameApplication      - Exiting game application
16:02:03.300 [JavaFX Application Thread] DEBUG GameApplication      - Shutting down background threads
16:02:03.300 [JavaFX Application Thread] DEBUG GameApplication      - Exiting FXGL
16:02:03.301 [JavaFX Application Thread] DEBUG FXGL                 - Saving FXGL system data
16:02:03.303 [JavaFX Application Thread] DEBUG IOTask               - Executing task: writeDataTask(system/fxgl.bundle)
16:02:03.304 [JavaFX Application Thread] DEBUG FS                   - Writing to: system/fxgl.bundle
16:02:03.308 [JavaFX Application Thread] DEBUG IOTask               - Task succeeded: writeDataTask(system/fxgl.bundle)
16:02:03.308 [JavaFX Application Thread] DEBUG GameApplication      - Closing logger and exiting JavaFX
