16:02:43.724 [JavaFX Application Thread] DEBUG GameApplication      - Logger initialized
16:02:43.736 [JavaFX Application Thread] DEBUG MainWindow           - Creating a JavaFX scene
16:02:43.944 [JavaFX Application Thread] DEBUG MainWindow           - Target settings size: 1230.0 x 487.0
16:02:43.945 [JavaFX Application Thread] DEBUG MainWindow           - Scaled scene size:    1230.0 x 487.0
16:02:43.945 [JavaFX Application Thread] DEBUG MainWindow           - Scaled ratio: (1.0, 1.0)
16:02:44.184 [JavaFX Application Thread] DEBUG GameApplication      - Starting FXGL
16:02:44.347 [FXGL Launcher Thread     ] INFO  Version              - FXGL-0.4.2
16:02:44.347 [FXGL Launcher Thread     ] INFO  Version              - Source code and latest versions at: https://github.com/AlmasB/FXGL
16:02:44.348 [FXGL Launcher Thread     ] INFO  Version              -              Join the FXGL chat at: https://gitter.im/AlmasB/FXGL
16:02:44.349 [FXGL Launcher Thread     ] DEBUG FXGL                 - Loading FXGL system data
16:02:44.357 [FXGL Launcher Thread     ] DEBUG IOTask               - Executing task: readDataTask(system/fxgl.bundle)
16:02:44.371 [FXGL Launcher Thread     ] DEBUG FS                   - Reading from: system/fxgl.bundle
16:02:44.395 [FXGL Launcher Thread     ] DEBUG IOTask               - Task succeeded: readDataTask(system/fxgl.bundle)
16:02:44.397 [FXGL Launcher Thread     ] DEBUG Bundle               - Logging bundle: FXGL
16:02:44.401 [FXGL Launcher Thread     ] DEBUG Bundle               - FXGL.offline.timer.version.check=2018-02-16T15:50:30.693
16:02:44.424 [FXGL Launcher Thread     ] DEBUG GameApplication      - FXGL started
16:02:44.425 [FXGL Launcher Thread     ] DEBUG GameApplication      - Logging game settings
Title: Legends Arise Alpha
Version: 0.5.4
Width: 1230
Height: 487
Fullscreen: false
Intro: false
Menus: false
Profiling: false
Single step:false
App Mode: DEVELOPER
Menu Key: ESCAPE
Stage Style: DECORATED
Scene Factory: class com.almasb.fxgl.scene.SceneFactory
Dialog Factory: class com.almasb.fxgl.ui.FXGLDialogFactory
UI Factory: class com.almasb.fxgl.ui.FXGLUIFactory
Notification Service: class com.almasb.fxgl.gameplay.notification.XboxNotificationView
Exception Handler: class com.almasb.fxgl.app.FXGLExceptionHandler
16:02:44.426 [FXGL Launcher Thread     ] DEBUG GameApplication      - Configuring GameApplication
16:02:44.426 [FXGL Launcher Thread     ] DEBUG GameApplication      - Initializing state machine and application states
16:02:44.462 [FXGL Launcher Thread     ] DEBUG AssetLoader          - Loading from disk: /assets/ui/cursors/fxgl_default.png
16:02:44.554 [FXGL Launcher Thread     ] DEBUG AssetLoader          - Loading from disk: /assets/ui/cursors/fxgl_default.png
16:02:44.564 [FXGL Launcher Thread     ] DEBUG AssetLoader          - Loading from disk: /assets/ui/cursors/fxgl_default.png
16:02:44.590 [FXGL Launcher Thread     ] DEBUG AssetLoader          - Loading from disk: /assets/sounds/core/notification.wav
16:02:44.759 [FXGL Launcher Thread     ] DEBUG AssetLoader          - Loading from disk: /assets/sounds/menu/select.wav
16:02:44.761 [FXGL Launcher Thread     ] DEBUG AssetLoader          - Loading from disk: /assets/sounds/menu/back.wav
16:02:44.770 [FXGL Launcher Thread     ] DEBUG AssetLoader          - Loading from disk: /assets/sounds/menu/press.wav
16:02:44.782 [FXGL Launcher Thread     ] DEBUG AssetLoader          - Loading from disk: /assets/ui/fonts/VarelaRound-Regular.ttf
16:02:44.817 [FXGL Launcher Thread     ] DEBUG AssetLoader          - Loading from disk: /assets/ui/fonts/lucida_console.ttf
16:02:44.822 [FXGL Launcher Thread     ] DEBUG AssetLoader          - Loading from disk: /assets/ui/css/fxgl_dark.css
16:02:44.829 [FXGL Launcher Thread     ] DEBUG AssetLoader          - Loading from disk: /assets/ui/icons/fxgl_icon.png
16:02:44.877 [FXGL Launcher Thread     ] DEBUG AssetLoader          - Loading from disk: /assets/ui/cursors/fxgl_default.png
16:02:44.925 [FXGL Launcher Thread     ] DEBUG FXGL.GameScene       - Game scene initialized: 1230x487
16:02:44.961 [FXGL Launcher Thread     ] DEBUG FXGL.GameWorld       - Game world initialized
16:02:45.142 [FXGL Launcher Thread     ] DEBUG FXGL.PhysicsWorld    - Physics world initialized: appHeight=487, physics.ppm=50.0
16:02:45.173 [FXGL Launcher Thread     ] DEBUG Input                - Registered new binding: Pause - Esc
16:02:45.210 [FXGL Launcher Thread     ] INFO  GameApplication      - Game configuration took:  0.784 sec
16:02:45.216 [JavaFX Application Thread] DEBUG MainWindow           - Opening main window
16:02:45.275 [JavaFX Application Thread] DEBUG MainWindow           - Window border size: (0.0, 0.0)
16:02:45.276 [JavaFX Application Thread] DEBUG MainWindow           - Scaled size: 1230.0 x 487.0
16:02:45.276 [JavaFX Application Thread] DEBUG MainWindow           - Scaled ratio: (1.0, 1.0)
16:02:45.276 [JavaFX Application Thread] DEBUG MainWindow           - Scene size: 1230.0 x 487.0
16:02:45.276 [JavaFX Application Thread] DEBUG MainWindow           - Stage size: 1230.0 x 487.0
16:02:45.279 [JavaFX Application Thread] DEBUG GameApplication      - Running preInit()
16:02:45.281 [JavaFX Application Thread] DEBUG AnnotationParser     - Main app package name: captain.the
16:02:45.366 [JavaFX Application Thread] DEBUG AnnotationParser     - @SetAchievementStore: []
16:02:45.368 [JavaFX Application Thread] DEBUG Input                - Registered new binding: Screenshot - P
16:02:45.371 [JavaFX Application Thread] DEBUG Input                - Registered new binding: Dev Options - CTRL+0
16:02:45.371 [JavaFX Application Thread] DEBUG Input                - Registered new binding: Restart - CTRL+R
16:02:45.371 [JavaFX Application Thread] DEBUG Input                - Registered new binding: Move Right - D
16:02:45.372 [JavaFX Application Thread] DEBUG Input                - Registered new binding: Move Left - A
16:02:45.372 [JavaFX Application Thread] DEBUG Input                - Registered new binding: Move Up - W
16:02:45.372 [JavaFX Application Thread] DEBUG Input                - Registered new binding: Move Down - S
16:02:45.375 [JavaFX Application Thread] DEBUG Input                - Registered new binding: QAbility - Q
16:02:45.376 [JavaFX Application Thread] DEBUG Input                - Registered new binding: AutoAttack - LMB
16:02:45.379 [JavaFX Application Thread] DEBUG AssetLoader          - Loading from disk: /assets/music/fireAuraBackgroundMusic.mp3
16:02:45.476 [JavaFX Application Thread] DEBUG AudioPlayer          - Playing music Music [balance=0.0, volume=1.0, rate=1.0, cycleCount=1]
16:02:45.518 [JavaFX Application Thread] DEBUG GameApplication      - Starting main loop
16:02:45.529 [JavaFX Application Thread] DEBUG StartupState         - STARTUP
16:02:45.530 [JavaFX Application Thread] DEBUG GameApplication      - Starting new game
16:02:45.530 [JavaFX Application Thread] DEBUG Input                - Clearing active input actions
16:02:45.570 [JavaFX Application Thread] DEBUG AppStateMachine      - StartupState -> LoadingState
16:02:45.571 [JavaFX Application Thread] DEBUG AnnotationParser     - Main app package name: captain.the
16:02:45.571 [JavaFX Application Thread] DEBUG InitAppTask          - Parsing annotations
16:02:45.637 [JavaFX Application Thread] DEBUG AnnotationParser     - @AddCollisionHandler: []
16:02:45.637 [JavaFX Application Thread] DEBUG AnnotationParser     - @SetEntityFactory: [Factory]
16:02:45.637 [JavaFX Application Thread] DEBUG AnnotationParser     - @SetEventHandler: []
16:02:45.642 [FXGL Background Thread 1 ] DEBUG InitAppTask          - Clearing previous game
16:02:45.642 [FXGL Background Thread 1 ] DEBUG FXGL.GameWorld       - Clearing game world
16:02:45.643 [FXGL Background Thread 1 ] DEBUG FXGL.PhysicsWorld    - Clearing physics world
16:02:45.643 [FXGL Background Thread 1 ] DEBUG FXGL.GameScene       - Clearing game scene
16:02:45.644 [FXGL Background Thread 1 ] DEBUG InitAppTask          - Initializing Assets
16:02:45.645 [FXGL Background Thread 1 ] DEBUG InitAppTask          - Initializing Game
16:02:45.692 [FXGL Background Thread 1 ] DEBUG AssetLoader          - Loading from disk: /assets/textures/HPMANAHP.png
16:02:45.703 [FXGL Background Thread 1 ] DEBUG FXGL.GameScene       - Creating render group for layer: TOP(2147483647)
16:02:45.717 [FXGL Background Thread 1 ] DEBUG AssetLoader          - Loading from disk: /assets/textures/8bitcircle.png
16:02:45.719 [FXGL Background Thread 1 ] DEBUG InitAppTask          - Initializing Physics
16:02:45.720 [FXGL Background Thread 1 ] DEBUG InitAppTask          - Initializing UI
16:02:45.724 [FXGL Background Thread 1 ] DEBUG InitAppTask          - Initialization Complete
16:02:45.724 [FXGL Background Thread 1 ] INFO  InitAppTask          - Game initialization took: 0.082 sec
16:02:45.745 [JavaFX Application Thread] DEBUG Input                - Clearing active input actions
16:02:45.759 [JavaFX Application Thread] DEBUG AppStateMachine      - LoadingState -> PlayState
16:02:46.754 [JavaFX Application Thread] DEBUG AssetLoader          - Loading from disk: /assets/sounds/Beep4.mp3
16:02:48.238 [JavaFX Application Thread] DEBUG AssetLoader          - Loading from disk: /assets/sounds/Laser_Shoot1.mp3
16:02:48.241 [JavaFX Application Thread] DEBUG AssetLoader          - Loading from disk: /assets/textures/qAbility.gif
16:02:49.969 [JavaFX Application Thread] DEBUG GameApplication      - Exiting game application
16:02:49.971 [JavaFX Application Thread] DEBUG GameApplication      - Shutting down background threads
16:02:49.974 [JavaFX Application Thread] DEBUG GameApplication      - Exiting FXGL
16:02:49.974 [JavaFX Application Thread] DEBUG FXGL                 - Saving FXGL system data
16:02:49.975 [JavaFX Application Thread] DEBUG IOTask               - Executing task: writeDataTask(system/fxgl.bundle)
16:02:49.977 [JavaFX Application Thread] DEBUG FS                   - Writing to: system/fxgl.bundle
16:02:49.982 [JavaFX Application Thread] DEBUG IOTask               - Task succeeded: writeDataTask(system/fxgl.bundle)
16:02:49.983 [JavaFX Application Thread] DEBUG GameApplication      - Closing logger and exiting JavaFX
