20:29:50.990 [JavaFX Application Thread] DEBUG GameApplication      - Logger initialized
20:29:51.001 [JavaFX Application Thread] DEBUG MainWindow           - Creating a JavaFX scene
20:29:51.178 [JavaFX Application Thread] DEBUG MainWindow           - Target settings size: 1230.0 x 487.0
20:29:51.178 [JavaFX Application Thread] DEBUG MainWindow           - Scaled scene size:    1230.0 x 487.0
20:29:51.178 [JavaFX Application Thread] DEBUG MainWindow           - Scaled ratio: (1.0, 1.0)
20:29:51.429 [JavaFX Application Thread] DEBUG GameApplication      - Starting FXGL
20:29:51.553 [FXGL Launcher Thread     ] INFO  Version              - FXGL-0.4.2
20:29:51.553 [FXGL Launcher Thread     ] INFO  Version              - Source code and latest versions at: https://github.com/AlmasB/FXGL
20:29:51.554 [FXGL Launcher Thread     ] INFO  Version              -              Join the FXGL chat at: https://gitter.im/AlmasB/FXGL
20:29:51.560 [FXGL Launcher Thread     ] DEBUG FXGL                 - Loading FXGL system data
20:29:51.569 [FXGL Launcher Thread     ] DEBUG IOTask               - Executing task: readDataTask(system/fxgl.bundle)
20:29:51.606 [FXGL Launcher Thread     ] DEBUG FS                   - Reading from: system/fxgl.bundle
20:29:51.637 [FXGL Launcher Thread     ] DEBUG IOTask               - Task succeeded: readDataTask(system/fxgl.bundle)
20:29:51.639 [FXGL Launcher Thread     ] DEBUG Bundle               - Logging bundle: FXGL
20:29:51.643 [FXGL Launcher Thread     ] DEBUG Bundle               - FXGL.offline.timer.version.check=2018-02-09T12:39:56.470
20:29:51.717 [FXGL Launcher Thread     ] DEBUG GameApplication      - FXGL started
20:29:51.718 [FXGL Launcher Thread     ] DEBUG GameApplication      - Logging game settings
Title: Legends Arise Alpha
Version: 0.5.3
Width: 1230
Height: 487
Fullscreen: true
Intro: false
Menus: false
Profiling: false
Single step:false
App Mode: DEVELOPER
Menu Key: ESCAPE
Stage Style: DECORATED
Scene Factory: class com.almasb.fxgl.scene.SceneFactory
Dialog Factory: class com.almasb.fxgl.ui.FXGLDialogFactory
UI Factory: class com.almasb.fxgl.ui.FXGLUIFactory
Notification Service: class com.almasb.fxgl.gameplay.notification.XboxNotificationView
Exception Handler: class com.almasb.fxgl.app.FXGLExceptionHandler
20:29:51.719 [FXGL Launcher Thread     ] DEBUG GameApplication      - Configuring GameApplication
20:29:51.720 [FXGL Launcher Thread     ] DEBUG GameApplication      - Initializing state machine and application states
20:29:51.752 [FXGL Launcher Thread     ] DEBUG AssetLoader          - Loading from disk: /assets/ui/cursors/fxgl_default.png
20:29:51.821 [FXGL Launcher Thread     ] DEBUG AssetLoader          - Loading from disk: /assets/ui/cursors/fxgl_default.png
20:29:51.826 [FXGL Launcher Thread     ] DEBUG AssetLoader          - Loading from disk: /assets/ui/cursors/fxgl_default.png
20:29:51.883 [FXGL Launcher Thread     ] DEBUG AssetLoader          - Loading from disk: /assets/sounds/core/notification.wav
20:29:51.973 [FXGL Launcher Thread     ] DEBUG AssetLoader          - Loading from disk: /assets/sounds/menu/select.wav
20:29:51.979 [FXGL Launcher Thread     ] DEBUG AssetLoader          - Loading from disk: /assets/sounds/menu/back.wav
20:29:51.987 [FXGL Launcher Thread     ] DEBUG AssetLoader          - Loading from disk: /assets/sounds/menu/press.wav
20:29:51.995 [FXGL Launcher Thread     ] DEBUG AssetLoader          - Loading from disk: /assets/ui/fonts/VarelaRound-Regular.ttf
20:29:52.040 [FXGL Launcher Thread     ] DEBUG AssetLoader          - Loading from disk: /assets/ui/fonts/lucida_console.ttf
20:29:52.045 [FXGL Launcher Thread     ] DEBUG AssetLoader          - Loading from disk: /assets/ui/css/fxgl_dark.css
20:29:52.046 [FXGL Launcher Thread     ] DEBUG AssetLoader          - Loading from disk: /assets/ui/icons/fxgl_icon.png
20:29:52.102 [FXGL Launcher Thread     ] DEBUG AssetLoader          - Loading from disk: /assets/ui/cursors/fxgl_default.png
20:29:52.150 [FXGL Launcher Thread     ] DEBUG FXGL.GameScene       - Game scene initialized: 1230x487
20:29:52.155 [FXGL Launcher Thread     ] DEBUG FXGL.GameWorld       - Game world initialized
20:29:52.277 [FXGL Launcher Thread     ] DEBUG FXGL.PhysicsWorld    - Physics world initialized: appHeight=487, physics.ppm=50.0
20:29:52.313 [FXGL Launcher Thread     ] DEBUG Input                - Registered new binding: Pause - Esc
20:29:52.354 [FXGL Launcher Thread     ] INFO  GameApplication      - Game configuration took:  0.635 sec
20:29:52.369 [JavaFX Application Thread] DEBUG MainWindow           - Opening main window
20:29:52.468 [JavaFX Application Thread] DEBUG MainWindow           - Window border size: (0.0, 0.0)
20:29:52.469 [JavaFX Application Thread] DEBUG MainWindow           - Scaled size: 1230.0 x 487.0
20:29:52.470 [JavaFX Application Thread] DEBUG MainWindow           - Scaled ratio: (1.0, 1.0)
20:29:52.470 [JavaFX Application Thread] DEBUG MainWindow           - Scene size: 1230.0 x 487.0
20:29:52.472 [JavaFX Application Thread] DEBUG MainWindow           - Stage size: 1230.0 x 487.0
20:29:52.473 [JavaFX Application Thread] DEBUG GameApplication      - Running preInit()
20:29:52.483 [JavaFX Application Thread] DEBUG AnnotationParser     - Main app package name: captain.the
20:29:52.601 [JavaFX Application Thread] DEBUG AnnotationParser     - @SetAchievementStore: []
20:29:52.603 [JavaFX Application Thread] DEBUG Input                - Registered new binding: Screenshot - P
20:29:52.604 [JavaFX Application Thread] DEBUG Input                - Registered new binding: Dev Options - CTRL+0
20:29:52.604 [JavaFX Application Thread] DEBUG Input                - Registered new binding: Restart - CTRL+R
20:29:52.605 [JavaFX Application Thread] DEBUG Input                - Registered new binding: Move Right - D
20:29:52.605 [JavaFX Application Thread] DEBUG Input                - Registered new binding: Move Left - A
20:29:52.605 [JavaFX Application Thread] DEBUG Input                - Registered new binding: Move Up - W
20:29:52.606 [JavaFX Application Thread] DEBUG Input                - Registered new binding: Move Down - S
20:29:52.608 [JavaFX Application Thread] DEBUG Input                - Registered new binding: QAbility - Q
20:29:52.609 [JavaFX Application Thread] DEBUG Input                - Registered new binding: AutoAttack - LMB
20:29:52.612 [JavaFX Application Thread] DEBUG AssetLoader          - Loading from disk: /assets/music/fireAuraBackgroundMusic.mp3
20:29:52.697 [JavaFX Application Thread] DEBUG AudioPlayer          - Playing music Music [balance=0.0, volume=1.0, rate=1.0, cycleCount=1]
20:29:52.741 [JavaFX Application Thread] DEBUG GameApplication      - Starting main loop
20:29:52.751 [JavaFX Application Thread] DEBUG StartupState         - STARTUP
20:29:52.751 [JavaFX Application Thread] DEBUG GameApplication      - Starting new game
20:29:52.751 [JavaFX Application Thread] DEBUG Input                - Clearing active input actions
20:29:52.791 [JavaFX Application Thread] DEBUG AppStateMachine      - StartupState -> LoadingState
20:29:52.793 [JavaFX Application Thread] DEBUG AnnotationParser     - Main app package name: captain.the
20:29:52.793 [JavaFX Application Thread] DEBUG InitAppTask          - Parsing annotations
20:29:52.822 [JavaFX Application Thread] DEBUG AnnotationParser     - @SetEntityFactory: [Factory]
20:29:52.822 [JavaFX Application Thread] DEBUG AnnotationParser     - @SetEventHandler: []
20:29:52.822 [JavaFX Application Thread] DEBUG AnnotationParser     - @AddCollisionHandler: []
20:29:52.828 [FXGL Background Thread 1 ] DEBUG InitAppTask          - Clearing previous game
20:29:52.828 [FXGL Background Thread 1 ] DEBUG FXGL.GameWorld       - Clearing game world
20:29:52.829 [FXGL Background Thread 1 ] DEBUG FXGL.PhysicsWorld    - Clearing physics world
20:29:52.829 [FXGL Background Thread 1 ] DEBUG FXGL.GameScene       - Clearing game scene
20:29:52.829 [FXGL Background Thread 1 ] DEBUG InitAppTask          - Initializing Assets
20:29:52.831 [FXGL Background Thread 1 ] DEBUG InitAppTask          - Initializing Game
20:29:52.878 [FXGL Background Thread 1 ] DEBUG AssetLoader          - Loading from disk: /assets/textures/HPMANAHP.png
20:29:52.890 [FXGL Background Thread 1 ] DEBUG FXGL.GameScene       - Creating render group for layer: TOP(2147483647)
20:29:52.900 [FXGL Background Thread 1 ] DEBUG AssetLoader          - Loading from disk: /assets/textures/8bitcircle.png
20:29:52.903 [FXGL Background Thread 1 ] DEBUG InitAppTask          - Initializing Physics
20:29:52.904 [FXGL Background Thread 1 ] DEBUG InitAppTask          - Initializing UI
20:29:52.906 [FXGL Background Thread 1 ] DEBUG InitAppTask          - Initialization Complete
20:29:52.906 [FXGL Background Thread 1 ] INFO  InitAppTask          - Game initialization took: 0.078 sec
20:29:52.926 [JavaFX Application Thread] DEBUG Input                - Clearing active input actions
20:29:52.941 [JavaFX Application Thread] DEBUG AppStateMachine      - LoadingState -> PlayState
20:29:55.173 [JavaFX Application Thread] DEBUG AssetLoader          - Loading from disk: /assets/sounds/Beep4.mp3
20:29:55.451 [JavaFX Application Thread] DEBUG AssetLoader          - Loading from disk: /assets/sounds/Laser_Shoot1.mp3
20:29:55.454 [JavaFX Application Thread] DEBUG AssetLoader          - Loading from disk: /assets/textures/qAbility.gif
20:29:57.258 [JavaFX Application Thread] DEBUG GameApplication      - Exiting game application
20:29:57.260 [JavaFX Application Thread] DEBUG GameApplication      - Shutting down background threads
20:29:57.260 [JavaFX Application Thread] DEBUG GameApplication      - Exiting FXGL
20:29:57.260 [JavaFX Application Thread] DEBUG FXGL                 - Saving FXGL system data
20:29:57.261 [JavaFX Application Thread] DEBUG IOTask               - Executing task: writeDataTask(system/fxgl.bundle)
20:29:57.263 [JavaFX Application Thread] DEBUG FS                   - Writing to: system/fxgl.bundle
20:29:57.267 [JavaFX Application Thread] DEBUG IOTask               - Task succeeded: writeDataTask(system/fxgl.bundle)
20:29:57.267 [JavaFX Application Thread] DEBUG GameApplication      - Closing logger and exiting JavaFX
